<?xml version="1.0" encoding="utf-8"?><testsuites name="pytest tests"><testsuite name="pytest" errors="0" failures="0" skipped="0" tests="22" time="20.003" timestamp="2026-09-14T20:05:51.659974+02:00" hostname="fedora-server"><testcase classname=".autoport.tests.harness.test_delivery_stale_bake" name="test_retry_failure_preserves_request_and_success_stamps[arm]" time="1.698" /><testcase classname=".autoport.tests.harness.test_delivery_stale_bake" name="test_retry_failure_preserves_request_and_success_stamps[mesh]" time="1.640" /><testcase classname=".autoport.tests.harness.test_delivery_stale_bake" name="test_retry_failure_preserves_request_and_success_stamps[gradle]" time="1.665" /><testcase classname=".autoport.tests.harness.test_delivery_stale_bake" name="test_retry_failure_preserves_request_and_success_stamps[hd]" time="1.683" /><testcase classname=".autoport.tests.harness.test_delivery_stale_bake" name="test_retry_failure_preserves_request_and_success_stamps[gradle_missing]" time="1.858" /><testcase classname=".autoport.tests.harness.test_delivery_stale_bake" name="test_retry_failure_preserves_request_and_success_stamps[sourcechange]" time="1.938" /><testcase classname=".autoport.tests.harness.test_delivery_stale_bake" name="test_retry_failure_preserves_request_and_success_stamps[gradle_stale]" time="1.778" /><testcase classname=".autoport.tests.harness.test_delivery_stale_bake" name="test_retry_failure_preserves_request_and_success_stamps[hd_stale]" time="1.774" /><testcase classname=".autoport.tests.harness.test_delivery_stale_bake" name="test_success_then_unchanged_does_not_rebuild[False]" time="1.140" /><testcase classname=".autoport.tests.harness.test_delivery_stale_bake" name="test_success_then_unchanged_does_not_rebuild[True]" time="1.206" /><testcase classname=".autoport.tests.harness.test_delivery_stale_bake" name="test_retry_legacy_success_stamp_without_receipt" time="0.966" /><testcase classname=".autoport.tests.harness.test_delivery_stale_bake" name="test_stale_bake_only_stale_levels_then_unchanged" time="0.103" /><testcase classname=".autoport.tests.harness.test_delivery_stale_bake" name="test_stale_bake_failure_is_not_success[mesh]" time="0.087" /><testcase classname=".autoport.tests.harness.test_delivery_stale_bake" name="test_stale_bake_failure_is_not_success[mesh_no_output]" time="0.091" /><testcase classname=".autoport.tests.harness.test_delivery_stale_bake" name="test_stale_bake_failure_is_not_success[toolbuild]" time="0.050" /><testcase classname=".autoport.tests.harness.test_delivery_stale_bake" name="test_stale_partial_bake_preserves_destination_and_retry" time="0.205" /><testcase classname=".autoport.tests.harness.test_delivery_stale_bake" name="test_publication_requires_complete_coherent_receipt[missing_receipt]" time="0.329" /><testcase classname=".autoport.tests.harness.test_delivery_stale_bake" name="test_publication_requires_complete_coherent_receipt[apk]" time="0.322" /><testcase classname=".autoport.tests.harness.test_delivery_stale_bake" name="test_publication_requires_complete_coherent_receipt[zip]" time="0.345" /><testcase classname=".autoport.tests.harness.test_delivery_stale_bake" name="test_publication_requires_complete_coherent_receipt[info]" time="0.324" /><testcase classname=".autoport.tests.harness.test_delivery_stale_bake" name="test_publication_requires_complete_coherent_receipt[locked]" time="0.276" /><testcase classname=".autoport.tests.harness.test_delivery_stale_bake" name="test_publication_requires_complete_coherent_receipt[none]" time="0.465" /></testsuite></testsuites>