<?xml version="1.0" encoding="utf-8"?><testsuites name="pytest tests"><testsuite name="pytest" errors="0" failures="0" skipped="0" tests="22" time="20.661" timestamp="2026-09-14T18:30:10.927213+02:00" hostname="fedora-server"><testcase classname=".autoport.tests.harness.test_delivery_stale_bake" name="test_retry_failure_preserves_request_and_success_stamps[arm]" time="1.713" /><testcase classname=".autoport.tests.harness.test_delivery_stale_bake" name="test_retry_failure_preserves_request_and_success_stamps[mesh]" time="1.675" /><testcase classname=".autoport.tests.harness.test_delivery_stale_bake" name="test_retry_failure_preserves_request_and_success_stamps[gradle]" time="1.695" /><testcase classname=".autoport.tests.harness.test_delivery_stale_bake" name="test_retry_failure_preserves_request_and_success_stamps[hd]" time="1.746" /><testcase classname=".autoport.tests.harness.test_delivery_stale_bake" name="test_retry_failure_preserves_request_and_success_stamps[gradle_missing]" time="1.808" /><testcase classname=".autoport.tests.harness.test_delivery_stale_bake" name="test_retry_failure_preserves_request_and_success_stamps[sourcechange]" time="1.967" /><testcase classname=".autoport.tests.harness.test_delivery_stale_bake" name="test_retry_failure_preserves_request_and_success_stamps[gradle_stale]" time="1.769" /><testcase classname=".autoport.tests.harness.test_delivery_stale_bake" name="test_retry_failure_preserves_request_and_success_stamps[hd_stale]" time="1.779" /><testcase classname=".autoport.tests.harness.test_delivery_stale_bake" name="test_success_then_unchanged_does_not_rebuild[False]" time="1.149" /><testcase classname=".autoport.tests.harness.test_delivery_stale_bake" name="test_success_then_unchanged_does_not_rebuild[True]" time="1.245" /><testcase classname=".autoport.tests.harness.test_delivery_stale_bake" name="test_retry_legacy_success_stamp_without_receipt" time="0.977" /><testcase classname=".autoport.tests.harness.test_delivery_stale_bake" name="test_stale_bake_only_stale_levels_then_unchanged" time="0.106" /><testcase classname=".autoport.tests.harness.test_delivery_stale_bake" name="test_stale_bake_failure_is_not_success[mesh]" time="0.093" /><testcase classname=".autoport.tests.harness.test_delivery_stale_bake" name="test_stale_bake_failure_is_not_success[mesh_no_output]" time="0.093" /><testcase classname=".autoport.tests.harness.test_delivery_stale_bake" name="test_stale_bake_failure_is_not_success[toolbuild]" time="0.053" /><testcase classname=".autoport.tests.harness.test_delivery_stale_bake" name="test_stale_partial_bake_preserves_destination_and_retry" time="0.220" /><testcase classname=".autoport.tests.harness.test_delivery_stale_bake" name="test_publication_requires_complete_coherent_receipt[missing_receipt]" time="0.340" /><testcase classname=".autoport.tests.harness.test_delivery_stale_bake" name="test_publication_requires_complete_coherent_receipt[apk]" time="0.398" /><testcase classname=".autoport.tests.harness.test_delivery_stale_bake" name="test_publication_requires_complete_coherent_receipt[zip]" time="0.393" /><testcase classname=".autoport.tests.harness.test_delivery_stale_bake" name="test_publication_requires_complete_coherent_receipt[info]" time="0.421" /><testcase classname=".autoport.tests.harness.test_delivery_stale_bake" name="test_publication_requires_complete_coherent_receipt[locked]" time="0.366" /><testcase classname=".autoport.tests.harness.test_delivery_stale_bake" name="test_publication_requires_complete_coherent_receipt[none]" time="0.594" /></testsuite></testsuites>